<?xml version="1.0" encoding="UTF-8"?>
<!-- Generated by org.testng.reporters.JUnitReportReporter -->
<testsuite hostname="LAPTOP-UILFKUPE" failures="0" tests="2" name="cucumber.TestNGTestRunner" time="23.640" errors="0" timestamp="2022-12-01T13:51:09 GMT-06:00" skipped="0">
  <testcase classname="cucumber.TestNGTestRunner" name="runScenario" time="12.975"/>
  <system-out/>
  <testcase classname="cucumber.TestNGTestRunner" name="runScenario" time="10.665"/>
  <system-out/>
</testsuite> <!-- cucumber.TestNGTestRunner -->
