<?xml version="1.0" encoding="UTF-8"?>
<!-- Generated by org.testng.reporters.JUnitReportReporter -->
<testsuite hostname="LAPTOP-UILFKUPE" failures="0" tests="2" name="Hexaware.tests.SubmitOrderTest" time="25.964" errors="0" timestamp="2022-12-01T11:55:20 GMT-06:00" skipped="0">
  <testcase classname="Hexaware.tests.SubmitOrderTest" name="submitOrder" time="11.627"/>
  <system-out/>
  <testcase classname="Hexaware.tests.SubmitOrderTest" name="submitOrder" time="14.337"/>
  <system-out/>
</testsuite> <!-- Hexaware.tests.SubmitOrderTest -->
