<?xml version="1.0" encoding="UTF-8"?>
<!-- Generated by org.testng.reporters.JUnitReportReporter -->
<testsuite hostname="LAPTOP-UILFKUPE" failures="0" tests="1" name="Hexaware.tests.SubmitOrderTest" time="19.839" errors="0" timestamp="2022-11-28T21:24:32 GMT-06:00" skipped="0">
  <testcase classname="Hexaware.tests.SubmitOrderTest" name="submitOrder" time="19.839"/>
  <system-out/>
</testsuite> <!-- Hexaware.tests.SubmitOrderTest -->
