<?xml version="1.0" encoding="UTF-8"?>
<!-- Generated by org.testng.reporters.JUnitReportReporter -->
<testsuite hostname="LAPTOP-UILFKUPE" failures="0" tests="2" name="cucumber.TestNGTestRunner" time="27.099" errors="0" timestamp="2022-12-01T13:56:08 GMT-06:00" skipped="0">
  <testcase classname="cucumber.TestNGTestRunner" name="runScenario" time="16.289"/>
  <system-out/>
  <testcase classname="cucumber.TestNGTestRunner" name="runScenario" time="10.810"/>
  <system-out/>
</testsuite> <!-- cucumber.TestNGTestRunner -->
